0 info it worked if it ends with ok
1 verbose cli [ '/usr/local/bin/node', '/usr/local/bin/npm', 'run', 'dev' ]
2 info using npm@3.10.10
3 info using node@v6.10.1
4 verbose config Skipping project config: /Users/CesarCoelho/.npmrc. (matches userconfig)
5 verbose stack Error: EISDIR: illegal operation on a directory, read
5 verbose stack     at Error (native)
6 verbose cwd /Users/CesarCoelho/YowApps/React/Aula_React
7 error Darwin 16.5.0
8 error argv "/usr/local/bin/node" "/usr/local/bin/npm" "run" "dev"
9 error node v6.10.1
10 error npm  v3.10.10
11 error code EISDIR
12 error errno -21
13 error syscall read
14 error eisdir EISDIR: illegal operation on a directory, read
15 error eisdir This is most likely not a problem with npm itself
15 error eisdir and is related to npm not being able to find a package.json in
15 error eisdir a package you are trying to install.
16 verbose exit [ -21, true ]
